<?xml version="1.0" encoding="UTF-8"?>
<testng-results ignored="0" total="1" passed="1" failed="0" skipped="0">
  <reporter-output>
  </reporter-output>
  <suite started-at="2022-11-06T14:18:10 IST" name="Suite" finished-at="2022-11-06T14:18:10 IST" duration-ms="282">
    <groups>
    </groups>
    <test started-at="2022-11-06T14:18:10 IST" name="Test" finished-at="2022-11-06T14:18:10 IST" duration-ms="282">
      <class name="test.BaseTest">
        <test-method is-config="true" signature="broweserLaunch()[pri:0, instance:test.BaseTest@9225652]" started-at="2022-11-06T14:17:55 IST" name="broweserLaunch" finished-at="2022-11-06T14:18:10 IST" duration-ms="14623" status="PASS">
          <reporter-output>
          </reporter-output>
        </test-method> <!-- broweserLaunch -->
        <test-method signature="teardown()[pri:0, instance:test.BaseTest@9225652]" started-at="2022-11-06T14:18:10 IST" name="teardown" finished-at="2022-11-06T14:18:10 IST" duration-ms="235" status="PASS">
          <reporter-output>
          </reporter-output>
        </test-method> <!-- teardown -->
      </class> <!-- test.BaseTest -->
    </test> <!-- Test -->
  </suite> <!-- Suite -->
</testng-results>
